<?xml version="1.0" encoding="UTF-8"?>
<!-- Generated by org.testng.reporters.JUnitXMLReporter -->
<testsuite hostname="WIN-M0FC0TKFF4A" tests="2" failures="1" timestamp="20 Sep 2017 03:59:41 GMT" time="0.748" errors="0">
  <testcase name="@BeforeTest setup" time="0.0" classname="LoginTest">
    <failure type="java.lang.NullPointerException">
      <![CDATA[java.lang.NullPointerException
	at org.yumin.zengDaWebUI.utils.TestBaseCase.setup(TestBaseCase.java:50)
... Removed 25 stack frames]]>
    </failure>
  </testcase> <!-- @BeforeTest setup -->
  <testcase name="@AfterTest tearDown" time="0.0" classname="LoginTest">
    <skipped/>
  </testcase> <!-- @AfterTest tearDown -->
  <testcase name="login" time="0.005" classname="LoginTest">
    <skipped/>
  </testcase> <!-- login -->
  <testcase name="login" time="0.009" classname="LoginTest">
    <failure type="java.lang.NullPointerException">
      <![CDATA[java.lang.NullPointerException
	at org.yumin.zengDaWebUI.utils.ScreenShot.takeScreenshot(ScreenShot.java:25)
	at org.yumin.zengDaWebUI.utils.ScreenShot.takeScreenshot(ScreenShot.java:41)
	at org.yumin.zengDaWebUI.utils.TestListener.onTestSkipped(TestListener.java:132)
... Removed 24 stack frames]]>
    </failure>
  </testcase> <!-- login -->
</testsuite>
